<?xml version="1.0" encoding="UTF-8"?>
<!-- Generated by org.testng.reporters.JUnitReportReporter -->
<testsuite skipped="0" hostname="DESKTOP-AS5L5KT" name="com.crm.qa.test.LoginPageTest" tests="1" failures="0" timestamp="2020-12-07T15:21:06 IST" time="154.271" errors="0">
  <testcase name="Loginpagetitle" time="154.271" classname="com.crm.qa.test.LoginPageTest"/>
  <system-out/>
</testsuite> <!-- com.crm.qa.test.LoginPageTest -->
