<?xml version="1.0" encoding="UTF-8"?>
<!-- Generated by org.testng.reporters.JUnitReportReporter -->
<testsuite skipped="0" hostname="DESKTOP-AS5L5KT" name="com.crm.qa.test.HomePageTest" tests="2" failures="0" timestamp="2020-07-13T14:08:27 IST" time="98.843" errors="0">
  <testcase name="verifyHomePageTitleTest" time="43.178" classname="com.crm.qa.test.HomePageTest"/>
  <system-out/>
  <testcase name="verifyUserNameTest" time="55.665" classname="com.crm.qa.test.HomePageTest"/>
  <system-out/>
</testsuite> <!-- com.crm.qa.test.HomePageTest -->
